<?xml version="1.0" encoding="UTF-8"?>
<!-- Generated by org.testng.reporters.JUnitReportReporter -->
<testsuite skipped="0" hostname="DESKTOP-BNNOL2C" name="com.loginTestExecution.LoginTC" tests="5" failures="0" timestamp="16 Mar 2018 07:07:40 GMT" time="49.242" errors="0">
  <testcase name="addUsernameTest" time="20.475" classname="com.loginTestExecution.LoginTC"/>
  <testcase name="saveDataTest" time="1.387" classname="com.loginTestExecution.LoginTC"/>
  <testcase name="addPhoneNumberTest" time="12.953" classname="com.loginTestExecution.LoginTC"/>
  <testcase name="addEmailIDTest" time="13.505" classname="com.loginTestExecution.LoginTC"/>
  <testcase name="addContactTest" time="0.922" classname="com.loginTestExecution.LoginTC"/>
</testsuite> <!-- com.loginTestExecution.LoginTC -->
