<?xml version="1.0" encoding="UTF-8"?>
<!-- Generated by org.testng.reporters.JUnitReportReporter -->
<testsuite skipped="0" hostname="DESKTOP-BNNOL2C" name="com.testExecution.Logintest" tests="5" failures="0" timestamp="27 Mar 2018 10:30:18 GMT" time="56.557" errors="0">
  <testcase name="addContactTest" time="7.867" classname="com.testExecution.Logintest"/>
  <testcase name="addUsernameTest" time="20.086" classname="com.testExecution.Logintest"/>
  <testcase name="addEmailIDTest" time="12.824" classname="com.testExecution.Logintest"/>
  <testcase name="addPhoneNumberTest" time="12.599" classname="com.testExecution.Logintest"/>
  <testcase name="saveDataTest" time="3.181" classname="com.testExecution.Logintest"/>
</testsuite> <!-- com.testExecution.Logintest -->
