<?xml version="1.0" encoding="UTF-8"?>
<!-- Generated by org.testng.reporters.JUnitReportReporter -->
<testsuite skipped="0" hostname="DESKTOP-BNNOL2C" name="com.loginTestExecution.Logintest" tests="5" failures="0" timestamp="27 Mar 2018 10:18:15 GMT" time="55.701" errors="0">
  <testcase name="saveDataTest" time="3.191" classname="com.loginTestExecution.Logintest"/>
  <testcase name="addPhoneNumberTest" time="12.110" classname="com.loginTestExecution.Logintest"/>
  <testcase name="addContactTest" time="7.515" classname="com.loginTestExecution.Logintest"/>
  <testcase name="addUsernameTest" time="19.634" classname="com.loginTestExecution.Logintest"/>
  <testcase name="addEmailIDTest" time="13.251" classname="com.loginTestExecution.Logintest"/>
</testsuite> <!-- com.loginTestExecution.Logintest -->
